libausbc/build/intermediates/manifest_merge_blame_file/debug/manifest-merger-blame-debug-report.txt
1<?xml version="1.0" encoding="utf-8"?>
2<manifest xmlns:android="http://schemas.android.com/apk/res/android"
3    package="com.jiangdg.ausbc" >
4
5    <uses-sdk
6        android:minSdkVersion="26"
6-->src/main/AndroidManifest.xml
7        android:targetSdkVersion="34" />
7-->src/main/AndroidManifest.xml
8
9    <uses-feature android:name="android.hardware.usb.host" />
9-->src/main/AndroidManifest.xml:4:5-61
9-->src/main/AndroidManifest.xml:4:19-59
10
11    <uses-permission android:name="android.permission.CAMERA" />
11-->src/main/AndroidManifest.xml:5:5-65
11-->src/main/AndroidManifest.xml:5:22-62
12
13</manifest>